<?xml version="1.0" encoding="UTF-8"?>
<!-- Generated by org.testng.reporters.JUnitReportReporter -->
<testsuite hostname="LAPTOP-53GD7L4U" failures="0" tests="3" name="testngpkg.Crossbrowserdemo" time="11.172" errors="0" timestamp="2023-02-04T00:22:10 IST" skipped="0">
  <testcase classname="testngpkg.Crossbrowserdemo" name="run" time="3.388"/>
  <system-out/>
  <testcase classname="testngpkg.Crossbrowserdemo" name="run" time="4.015"/>
  <system-out/>
  <testcase classname="testngpkg.Crossbrowserdemo" name="run" time="3.769"/>
  <system-out/>
</testsuite> <!-- testngpkg.Crossbrowserdemo -->
