<?xml version="1.0" encoding="UTF-8"?>
<!-- Generated by org.testng.reporters.JUnitReportReporter -->
<testsuite hostname="LAPTOP-53GD7L4U" failures="0" tests="2" name="test.FbLogintest" time="7.058" errors="0" timestamp="2023-04-03T17:20:09 IST" skipped="0">
  <testcase classname="test.FbLogintest" name="test1" time="2.127"/>
  <system-out/>
  <testcase classname="test.FbLogintest" name="test" time="4.931"/>
  <system-out/>
</testsuite> <!-- test.FbLogintest -->
