<?xml version="1.0" encoding="UTF-8"?>
<!-- Generated by org.testng.reporters.JUnitReportReporter -->
<testsuite hostname="LAPTOP-53GD7L4U" failures="0" tests="6" name="testngpkg.Testngdemo" time="2.964" errors="0" timestamp="2023-01-30T23:43:30 IST" skipped="1">
  <testcase classname="testngpkg.Testngdemo" name="urlget" time="0.771"/>
  <system-out/>
  <testcase classname="testngpkg.Testngdemo" name="urlget" time="0.595"/>
  <system-out/>
  <testcase classname="testngpkg.Testngdemo" name="urlget" time="0.479"/>
  <system-out/>
  <testcase classname="testngpkg.Testngdemo" name="urlget" time="0.561"/>
  <system-out/>
  <testcase classname="testngpkg.Testngdemo" name="test" time="0.558"/>
  <system-out/>
  <testcase classname="testngpkg.Testngdemo" name="test3">
    <skipped/>
  </testcase> <!-- test3 -->
  <system-out/>
</testsuite> <!-- testngpkg.Testngdemo -->
