<?xml version="1.0" encoding="UTF-8"?>
<!-- Generated by org.testng.reporters.JUnitReportReporter -->
<testsuite hostname="LAPTOP-53GD7L4U" failures="0" tests="1" name="testngpkg.Paramdemo" time="4.100" errors="0" timestamp="2023-02-03T23:58:30 IST" skipped="0">
  <testcase classname="testngpkg.Paramdemo" name="run" time="4.100"/>
  <system-out/>
</testsuite> <!-- testngpkg.Paramdemo -->
