<?xml version="1.0" encoding="UTF-8"?>
<!-- Generated by org.testng.reporters.JUnitReportReporter -->
<testsuite hostname="LAPTOP-53GD7L4U" failures="0" tests="1" name="testngpkg.Fileuploadautoit" time="7.129" errors="0" timestamp="2023-02-18T16:49:28 IST" skipped="0">
  <testcase classname="testngpkg.Fileuploadautoit" name="test" time="7.129"/>
  <system-out/>
</testsuite> <!-- testngpkg.Fileuploadautoit -->
