<?xml version="1.0" encoding="UTF-8"?>
<!-- Generated by org.testng.reporters.JUnitReportReporter -->
<testsuite hostname="LAPTOP-53GD7L4U" failures="0" tests="1" name="testngpkg.Ebbyexample" time="3.927" errors="0" timestamp="2023-02-10T13:56:07 IST" skipped="0">
  <testcase classname="testngpkg.Ebbyexample" name="test" time="3.927"/>
  <system-out/>
</testsuite> <!-- testngpkg.Ebbyexample -->
