<?xml version="1.0" encoding="UTF-8"?>
<!-- Generated by org.testng.reporters.JUnitReportReporter -->
<testsuite hostname="LAPTOP-53GD7L4U" failures="0" tests="2" name="testngpkg.Actiondragdrop" time="11.420" errors="0" timestamp="2023-02-06T18:01:49 IST" skipped="0">
  <testcase classname="testngpkg.Actiondragdrop" name="test" time="11.098"/>
  <system-out/>
  <testcase classname="testngpkg.Actiondragdrop" name="test1" time="0.322"/>
  <system-out/>
</testsuite> <!-- testngpkg.Actiondragdrop -->
