<?xml version="1.0" encoding="UTF-8"?>
<!-- Generated by org.testng.reporters.JUnitReportReporter -->
<testsuite hostname="LAPTOP-53GD7L4U" failures="0" tests="1" name="testngpkg.Robotfileuploadddemo" time="1.090" errors="0" timestamp="2023-03-01T15:12:43 IST" skipped="0">
  <testcase classname="testngpkg.Robotfileuploadddemo" name="test" time="1.090"/>
  <system-out/>
</testsuite> <!-- testngpkg.Robotfileuploadddemo -->
