<?xml version="1.0" encoding="UTF-8"?>
<!-- Generated by org.testng.reporters.JUnitReportReporter -->
<testsuite hostname="LAPTOP-53GD7L4U" failures="0" tests="1" name="junit.Multipletab" time="33.618" errors="0" timestamp="2023-02-10T14:48:21 IST" skipped="0">
  <testcase classname="junit.Multipletab" name="test" time="33.618"/>
  <system-out/>
</testsuite> <!-- junit.Multipletab -->
