<?xml version="1.0" encoding="UTF-8"?>
<!-- Generated by org.testng.reporters.JUnitReportReporter -->
<testsuite hostname="LAPTOP-53GD7L4U" failures="0" tests="2" name="testngpkg.Grupingdemo" time="1.326" errors="0" timestamp="2023-01-30T23:47:14 IST" skipped="0">
  <testcase classname="testngpkg.Grupingdemo" name="test" time="0.463"/>
  <system-out/>
  <testcase classname="testngpkg.Grupingdemo" name="test3" time="0.863"/>
  <system-out/>
</testsuite> <!-- testngpkg.Grupingdemo -->
