<?xml version="1.0" encoding="UTF-8"?>
<!-- Generated by org.testng.reporters.JUnitReportReporter -->
<testsuite hostname="LAPTOP-53GD7L4U" failures="0" tests="2" name="testngpkg.Rightdoubleclick" time="30.584" errors="0" timestamp="2023-02-07T00:35:21 IST" skipped="0">
  <testcase classname="testngpkg.Rightdoubleclick" name="test" time="30.173"/>
  <system-out/>
  <testcase classname="testngpkg.Rightdoubleclick" name="test2" time="0.411"/>
  <system-out/>
</testsuite> <!-- testngpkg.Rightdoubleclick -->
