<?xml version="1.0" encoding="UTF-8"?>
<!-- Generated by org.testng.reporters.JUnitReportReporter -->
<testsuite hostname="LAPTOP-53GD7L4U" failures="0" tests="1" name="testngpkg.Datadriven" time="2.715" errors="0" timestamp="2023-02-17T17:10:50 IST" skipped="0">
  <testcase classname="testngpkg.Datadriven" name="test" time="2.715"/>
  <system-out/>
</testsuite> <!-- testngpkg.Datadriven -->
